<?xml version="1.0" encoding="UTF-8"?>
<!-- Generated by org.testng.reporters.JUnitReportReporter -->
<testsuite hostname="DESKTOP-JSQR2G3" failures="0" tests="1" name="MagentoLabWebsite.Login_Test_Cases" time="0.011" errors="0" timestamp="2023-10-05T04:12:31 EET" skipped="0">
  <testcase classname="MagentoLabWebsite.Login_Test_Cases" name="FirstTest" time="0.011"/>
  <system-out/>
</testsuite> <!-- MagentoLabWebsite.Login_Test_Cases -->
