<?xml version="1.0" encoding="UTF-8"?>
<!-- Generated by org.testng.reporters.JUnitReportReporter -->
<testsuite hostname="DESKTOP-JSQR2G3" failures="0" tests="1" name="MagentoLabWebsite.Login_Test_Cases" time="5.172" errors="0" timestamp="2023-10-08T18:06:37 EET" skipped="0">
  <testcase classname="MagentoLabWebsite.Login_Test_Cases" name="LoginTest" time="5.172"/>
  <system-out/>
</testsuite> <!-- MagentoLabWebsite.Login_Test_Cases -->
