<?xml version="1.0" encoding="UTF-8"?>
<!-- Generated by org.testng.reporters.JUnitReportReporter -->
<testsuite hostname="DESKTOP-JSQR2G3" failures="0" tests="1" name="MagentoLabWebsite.Signup_Test_Cases" time="6.573" errors="0" timestamp="2023-10-04T23:35:46 EET" skipped="0">
  <testcase classname="MagentoLabWebsite.Signup_Test_Cases" name="FirstTest" time="6.573"/>
  <system-out/>
</testsuite> <!-- MagentoLabWebsite.Signup_Test_Cases -->
