<?xml version="1.0" encoding="UTF-8"?>
<!-- Generated by org.testng.reporters.JUnitReportReporter -->
<testsuite hostname="DESKTOP-JSQR2G3" failures="0" tests="1" name="MagentoLabWebsite.Signup_Test_Cases" time="7.844" errors="0" timestamp="2023-10-08T18:06:37 EET" skipped="0">
  <testcase classname="MagentoLabWebsite.Signup_Test_Cases" name="SignupTest" time="7.844"/>
  <system-out/>
</testsuite> <!-- MagentoLabWebsite.Signup_Test_Cases -->
